{
  "RSpec": {
    "coverage": {
      "/data/workspace/hacker_rank/problem_solving/aho-corasick-trie-search/spec/act/act_spec.rb": [
        1,
        1,
        1,
        null,
        null
      ],
      "/data/workspace/hacker_rank/problem_solving/aho-corasick-trie-search/spec/act/trie/search_spec.rb": [
        1,
        null,
        1,
        2,
        2,
        2,
        null,
        1,
        1,
        1,
        null,
        null,
        null
      ],
      "/data/workspace/hacker_rank/problem_solving/aho-corasick-trie-search/spec/act/trie/trie_spec.rb": [
        1,
        null,
        1,
        11,
        11,
        11,
        11,
        11,
        11,
        11,
        11,
        11,
        null,
        1,
        1,
        1,
        null,
        null,
        1,
        1,
        null,
        null,
        1,
        1,
        null,
        null,
        1,
        1,
        null,
        null,
        1,
        1,
        null,
        null,
        1,
        1,
        null,
        null,
        1,
        1,
        1,
        null,
        null,
        1,
        1,
        1,
        null,
        null,
        1,
        1,
        1,
        null,
        null,
        1,
        1,
        1,
        1,
        1,
        1,
        1,
        1,
        null,
        null,
        null
      ],
      "/data/workspace/hacker_rank/problem_solving/aho-corasick-trie-search/spec/act/vertices/branched_vertices_trie_spec.rb": [
        1,
        null,
        null,
        null,
        null,
        1,
        6,
        6,
        6,
        6,
        null,
        1,
        1,
        1,
        null,
        null,
        1,
        1,
        1,
        null,
        null,
        1,
        1,
        1,
        null,
        null,
        1,
        1,
        1,
        1,
        null,
        null,
        1,
        1,
        1,
        1,
        1,
        null,
        null,
        null
      ],
      "/data/workspace/hacker_rank/problem_solving/aho-corasick-trie-search/spec/act/vertices/linear_vertices_chain_spec.rb": [
        1,
        null,
        null,
        1,
        7,
        7,
        7,
        7,
        1,
        1,
        1,
        1,
        null,
        null,
        1,
        1,
        1,
        null,
        null,
        1,
        1,
        1,
        null,
        null,
        1,
        1,
        1,
        null,
        null,
        1,
        1,
        1,
        1,
        1,
        null,
        null,
        1,
        1,
        1,
        1,
        1,
        null,
        null,
        null
      ],
      "/data/workspace/hacker_rank/problem_solving/aho-corasick-trie-search/spec/act/vertices/root_vertice_spec.rb": [
        1,
        1,
        3,
        null,
        1,
        1,
        null,
        null,
        1,
        1,
        1,
        1,
        1,
        null,
        null,
        null
      ]
    },
    "timestamp": 1556522131
  }
}
